2018-07-24T06:19:42.533Z - normal: Load ~/.CocosCreator/settings.json
2018-07-24T06:19:42.537Z - normal: checking language setting...
2018-07-24T06:19:42.537Z - normal: Language: zh
2018-07-24T06:19:44.226Z - success: protocol editor-framework registered
2018-07-24T06:19:44.226Z - success: protocol app registered
2018-07-24T06:19:44.226Z - success: protocol theme registered
2018-07-24T06:19:44.226Z - success: protocol packages registered
2018-07-24T06:19:44.226Z - success: protocol unpack registerred
2018-07-24T06:19:44.227Z - success: protocol disable-commonjs registerred
2018-07-24T06:19:45.165Z - normal: connected!
2018-07-24T06:19:45.169Z - normal: Check project D:\Project\Dodger-cocos
2018-07-24T06:19:45.173Z - normal: Initializing Cocos2d
2018-07-24T06:19:45.389Z - normal: Initializing Asset Database
2018-07-24T06:19:45.417Z - success: protocol uuid registerred
2018-07-24T06:19:45.418Z - success: protocol db registerred
2018-07-24T06:19:45.418Z - success: protocol thumbnail registerred
2018-07-24T06:19:45.418Z - normal: Loading editor/builtin packages
2018-07-24T06:19:45.434Z - success: anysdk loaded
2018-07-24T06:19:45.537Z - success: assets loaded
2018-07-24T06:19:45.539Z - success: builder loaded
2018-07-24T06:19:45.541Z - success: cocos-analytics loaded
2018-07-24T06:19:45.544Z - success: console loaded
2018-07-24T06:19:45.576Z - success: fb-instant-games loaded
2018-07-24T06:19:45.579Z - success: hierarchy loaded
2018-07-24T06:19:45.581Z - success: inspector loaded
2018-07-24T06:19:45.582Z - success: keystore loaded
2018-07-24T06:19:45.584Z - success: node-library loaded
2018-07-24T06:19:45.585Z - success: package-asset loaded
2018-07-24T06:19:45.587Z - success: preferences loaded
2018-07-24T06:19:45.588Z - success: project-exporter loaded
2018-07-24T06:19:45.601Z - success: project-importer loaded
2018-07-24T06:19:45.603Z - success: project-settings loaded
2018-07-24T06:19:45.605Z - success: ui-kit loaded
2018-07-24T06:19:45.606Z - success: ui-grid loaded
2018-07-24T06:19:45.609Z - success: scene loaded
2018-07-24T06:19:45.610Z - success: sprite-editor loaded
2018-07-24T06:19:45.612Z - success: store loaded
2018-07-24T06:19:45.615Z - success: timeline loaded
2018-07-24T06:19:45.615Z - normal: Loading builtin packages
2018-07-24T06:19:45.618Z - success: asset-db-debugger loaded
2018-07-24T06:19:45.619Z - success: code-editor loaded
2018-07-24T06:19:45.619Z - success: color-picker loaded
2018-07-24T06:19:45.621Z - success: package-manager loaded
2018-07-24T06:19:45.624Z - success: qqplay-adapter loaded
2018-07-24T06:19:45.627Z - success: sdkbox loaded
2018-07-24T06:19:45.629Z - success: tester loaded
2018-07-24T06:19:45.630Z - success: ui-kit-preview-extra loaded
2018-07-24T06:19:45.632Z - success: ui-kit-preview loaded
2018-07-24T06:19:45.633Z - success: ui-tree loaded
2018-07-24T06:19:45.633Z - success: weapp-adapter loaded
2018-07-24T06:19:46.607Z - normal: Initializing project D:\Project\Dodger-cocos
2018-07-24T06:19:46.609Z - normal: Loading packages
2018-07-24T06:19:46.614Z - normal: Watching packages
2018-07-24T06:19:46.812Z - normal: Run Application
2018-07-24T06:19:47.190Z - success: preview server running at http://localhost:7456
2018-07-24T06:19:51.343Z - normal: 1.9.3
2018-07-24T08:04:48.593Z - failed: [db-task][sync-changes] Failed to import asset D:\Project\Dodger-cocos\assets\Script\GameManager.js, message: Compile error: SyntaxError: D:/Project/Dodger-cocos/assets/Script/GameManager.js: Unexpected token, expected , (556:33)
  554 | 	    		Itemlist = new Array(this.upRotationSpeedPrefab,
  555 | 	                                this.upShootSpeedPrefab
> 556 | 	                                this.upBulletSpeedPrefab,this.upBulletSpeedPrefab,this.upBulletSpeedPrefab,
      | 	                                ^
  557 | 	                                this.upBulletLifeTimePrefab);
  558 | 	    		i = Math.floor(Math.random()*6);
  559 | 	    	}
    at Parser.pp$5.raise (D:\Program Files\CocosCreator\resources\app.asar\node_modules\babylon\lib\index.js:4454:13)
    at Parser.pp.unexpected (D:\Program Files\CocosCreator\resources\app.asar\node_modules\babylon\lib\index.js:1761:8)
    at Parser.pp.expect (D:\Program Files\CocosCreator\resources\app.asar\node_modules\babylon\lib\index.js:1749:33)
    at Parser.pp$3.parseExprList (D:\Program Files\CocosCreator\resources\app.asar\node_modules\babylon\lib\index.js:4296:12)
    at Parser.pp$3.parseNew (D:\Program Files\CocosCreator\resources\app.asar\node_modules\babylon\lib\index.js:3916:27)
    at Parser.pp$3.parseExprAtom (D:\Program Files\CocosCreator\resources\app.asar\node_modules\babylon\lib\index.js:3733:19)
    at Parser.pp$3.parseExprSubscripts (D:\Program Files\CocosCreator\resources\app.asar\node_modules\babylon\lib\index.js:3494:19)
    at Parser.pp$3.parseMaybeUnary (D:\Program Files\CocosCreator\resources\app.asar\node_modules\babylon\lib\index.js:3474:19)
    at Parser.pp$3.parseExprOps (D:\Program Files\CocosCreator\resources\app.asar\node_modules\babylon\lib\index.js:3404:19)
    at Parser.pp$3.parseMaybeConditional (D:\Program Files\CocosCreator\resources\app.asar\node_modules\babylon\lib\index.js:3381:19)
2018-07-24T08:05:01.978Z - failed: [db-task][sync-changes] Failed to import asset D:\Project\Dodger-cocos\assets\Script\GameManager.js, message: Compile error: SyntaxError: D:/Project/Dodger-cocos/assets/Script/GameManager.js: Unexpected token, expected , (556:33)
  554 | 	    		Itemlist = new Array(this.upRotationSpeedPrefab,
  555 | 	                                this.upShootSpeedPrefab
> 556 | 	                                this.upBulletSpeedPrefab,this.upBulletSpeedPrefab,this.upBulletSpeedPrefab,
      | 	                                ^
  557 | 	                                this.upBulletLifeTimePrefab);
  558 | 	    		i = Math.floor(Math.random()*6);
  559 | 	    	}
    at Parser.pp$5.raise (D:\Program Files\CocosCreator\resources\app.asar\node_modules\babylon\lib\index.js:4454:13)
    at Parser.pp.unexpected (D:\Program Files\CocosCreator\resources\app.asar\node_modules\babylon\lib\index.js:1761:8)
    at Parser.pp.expect (D:\Program Files\CocosCreator\resources\app.asar\node_modules\babylon\lib\index.js:1749:33)
    at Parser.pp$3.parseExprList (D:\Program Files\CocosCreator\resources\app.asar\node_modules\babylon\lib\index.js:4296:12)
    at Parser.pp$3.parseNew (D:\Program Files\CocosCreator\resources\app.asar\node_modules\babylon\lib\index.js:3916:27)
    at Parser.pp$3.parseExprAtom (D:\Program Files\CocosCreator\resources\app.asar\node_modules\babylon\lib\index.js:3733:19)
    at Parser.pp$3.parseExprSubscripts (D:\Program Files\CocosCreator\resources\app.asar\node_modules\babylon\lib\index.js:3494:19)
    at Parser.pp$3.parseMaybeUnary (D:\Program Files\CocosCreator\resources\app.asar\node_modules\babylon\lib\index.js:3474:19)
    at Parser.pp$3.parseExprOps (D:\Program Files\CocosCreator\resources\app.asar\node_modules\babylon\lib\index.js:3404:19)
    at Parser.pp$3.parseMaybeConditional (D:\Program Files\CocosCreator\resources\app.asar\node_modules\babylon\lib\index.js:3381:19)
    at Parser.pp$3.parseMaybeAssign (D:\Program Files\CocosCreator\resources\app.asar\node_modules\babylon\lib\index.js:3344:19)
2018-07-24T08:30:27.715Z - normal: Start building with options : {
  "androidStudio": true,
  "apiLevel": "",
  "appABIs": [],
  "appKey": "",
  "appSecret": "",
  "buildPath": "D:\\Project\\Dodger-cocos\\build",
  "debug": false,
  "dest": "D:\\Project\\Dodger-cocos\\build\\wechatgame",
  "encryptJs": true,
  "excludeScenes": [],
  "excludedModules": [],
  "fb-instant-games": {},
  "includeAnySDK": false,
  "includeEruda": false,
  "includeSDKBox": false,
  "inlineSpriteFrames": true,
  "inlineSpriteFrames_native": true,
  "jailbreakPlatform": false,
  "md5Cache": false,
  "mergeStartScene": false,
  "oauthLoginServer": "",
  "optimizeHotUpdate": false,
  "orientation": {
    "landscapeLeft": true,
    "landscapeRight": true,
    "portrait": false,
    "upsideDown": false
  },
  "packageName": "org.cocos2d.helloworld",
  "platform": "wechatgame",
  "previewHeight": "720",
  "previewWidth": "1280",
  "privateKey": "",
  "qqplay": {
    "REMOTE_SERVER_ROOT": "",
    "orientation": "portrait"
  },
  "renderMode": "0",
  "scenes": [
    "2d2f792f-a40c-49bb-a189-ed176a246e49"
  ],
  "sourceMaps": false,
  "startScene": "2d2f792f-a40c-49bb-a189-ed176a246e49",
  "template": "link",
  "title": "Dodger",
  "useDebugKeystore": true,
  "vsVersion": "auto",
  "webOrientation": "landscape",
  "wechatgame": {
    "REMOTE_SERVER_ROOT": "",
    "appid": "wx8b8e5e1ce338c472",
    "isSubdomain": false,
    "orientation": "portrait",
    "subContext": ""
  },
  "xxteaKey": "5289e606-00b5-47",
  "zipCompressJs": true,
  "project": "D:\\Project\\Dodger-cocos",
  "projectName": "Dodger",
  "debugBuildWorker": false
}
2018-07-24T08:30:27.735Z - normal: Building D:\Project\Dodger-cocos
2018-07-24T08:30:27.735Z - normal: Destination D:\Project\Dodger-cocos\build\wechatgame
2018-07-24T08:30:28.733Z - normal: Delete D:\Project\Dodger-cocos\build\wechatgame\**\*
2018-07-24T08:30:53.314Z - warn: Error: ipc timeout. message: scene:query-node, session: scene@renderer:87211
2018-07-24T08:31:22.813Z - warn: Error: ipc timeout. message: scene:query-node, session: scene@renderer:87223
2018-07-24T08:31:22.814Z - warn: Error: ipc timeout. message: scene:query-node, session: scene@renderer:87224
2018-07-24T08:31:22.814Z - warn: Error: ipc timeout. message: scene:query-node, session: scene@renderer:87225
2018-07-24T08:31:22.815Z - warn: Error: ipc timeout. message: scene:query-node, session: scene@renderer:87226
2018-07-24T08:31:22.815Z - warn: Error: ipc timeout. message: scene:query-node, session: scene@renderer:87227
2018-07-24T08:31:25.419Z - normal: Compiled project javascript file successfully
2018-07-24T08:31:25.420Z - normal: Start building assets
2018-07-24T08:31:25.420Z - normal: Start spawn build-worker
2018-07-24T08:31:26.079Z - normal: Finish spawn build-worker
2018-07-24T08:31:26.079Z - normal: Start init build-worker
2018-07-24T08:31:28.995Z - normal: 1.9.3
2018-07-24T08:31:29.100Z - normal: Finish init build-worker
2018-07-24T08:31:29.101Z - normal: Start build-assets in worker
2018-07-24T08:31:29.624Z - normal: Finish build-assets in worker
2018-07-24T08:31:29.629Z - normal: Finish building assets
2018-07-24T08:31:29.669Z - normal: Start building raw assets
2018-07-24T08:31:29.670Z - normal: Start building plugin scripts
2018-07-24T08:31:29.802Z - normal: Finish building raw assets
2018-07-24T08:31:29.816Z - normal: Generating main.js from D:\Program Files\CocosCreator\resources\static\build-templates\shares\main.js
2018-07-24T08:31:31.485Z - normal: Built to "D:\Project\Dodger-cocos\build\wechatgame" successfully
2018-07-24T08:31:38.929Z - warn: 找不到微信开发程序版本信息路径 [D:\Program Files (x86)\Tencent\微信web开发者工具\package.nw\package.json]。
2018-07-24T08:31:38.929Z - warn: 微信开发程序版本过低，不能享用所有功能，请尽快升级。
2018-07-24T08:31:42.248Z - normal: Initializing...

2018-07-24T08:31:42.294Z - normal: idePortFile: C:\Users\Sniper\AppData\Local\微信web开发者工具\User Data\Default\.ide

2018-07-24T08:31:43.923Z - normal: starting ide...

2018-07-24T08:31:52.503Z - normal: IDE server has started, listening on http://127.0.0.1:10861
initialization finished

2018-07-24T08:31:52.919Z - error: StatusCodeError: 400 - "{\"code\":40000,\"error\":\"错误 需要重新登录\"}"

    at Socket.<anonymous> (D:\Program Files\CocosCreator\resources\app.asar\editor\core\wechat-game.js:1:1302)
    at emitOne (events.js:96:13)
    at Socket.emit (events.js:191:7)
    at readableAddChunk (_stream_readable.js:178:18)
    at Socket.Readable.push (_stream_readable.js:136:10)
    at Pipe.onread (net.js:560:20)
2018-07-24T08:35:59.424Z - normal: Start building with options : {
  "androidStudio": true,
  "apiLevel": "",
  "appABIs": [],
  "appKey": "",
  "appSecret": "",
  "buildPath": "D:\\Project\\Dodger-cocos\\build",
  "debug": false,
  "dest": "D:\\Project\\Dodger-cocos\\build\\wechatgame",
  "encryptJs": true,
  "excludeScenes": [],
  "excludedModules": [],
  "fb-instant-games": {},
  "includeAnySDK": false,
  "includeEruda": false,
  "includeSDKBox": false,
  "inlineSpriteFrames": true,
  "inlineSpriteFrames_native": true,
  "jailbreakPlatform": false,
  "md5Cache": false,
  "mergeStartScene": false,
  "oauthLoginServer": "",
  "optimizeHotUpdate": false,
  "orientation": {
    "landscapeLeft": true,
    "landscapeRight": true,
    "portrait": false,
    "upsideDown": false
  },
  "packageName": "org.cocos2d.helloworld",
  "platform": "wechatgame",
  "previewHeight": "720",
  "previewWidth": "1280",
  "privateKey": "",
  "qqplay": {
    "REMOTE_SERVER_ROOT": "",
    "orientation": "portrait"
  },
  "renderMode": "0",
  "scenes": [
    "2d2f792f-a40c-49bb-a189-ed176a246e49"
  ],
  "sourceMaps": false,
  "startScene": "2d2f792f-a40c-49bb-a189-ed176a246e49",
  "template": "link",
  "title": "Dodger",
  "useDebugKeystore": true,
  "vsVersion": "auto",
  "webOrientation": "landscape",
  "wechatgame": {
    "REMOTE_SERVER_ROOT": "",
    "appid": "wx8b8e5e1ce338c472",
    "isSubdomain": false,
    "orientation": "portrait",
    "subContext": ""
  },
  "xxteaKey": "5289e606-00b5-47",
  "zipCompressJs": true,
  "project": "D:\\Project\\Dodger-cocos",
  "projectName": "Dodger",
  "debugBuildWorker": false
}
2018-07-24T08:35:59.433Z - normal: Building D:\Project\Dodger-cocos
2018-07-24T08:35:59.433Z - normal: Destination D:\Project\Dodger-cocos\build\wechatgame
2018-07-24T08:35:59.434Z - normal: Delete D:\Project\Dodger-cocos\build\wechatgame\**\*
2018-07-24T08:36:23.106Z - warn: Error: ipc timeout. message: scene:query-node, session: scene@renderer:91566
2018-07-24T08:36:54.346Z - warn: Error: ipc timeout. message: scene:query-node, session: scene@renderer:91575
2018-07-24T08:36:54.935Z - warn: Error: ipc timeout. message: scene:query-node, session: scene@renderer:91576
2018-07-24T08:36:54.936Z - warn: Error: ipc timeout. message: scene:query-node, session: scene@renderer:91577
2018-07-24T08:36:54.936Z - warn: Error: ipc timeout. message: scene:query-node, session: scene@renderer:91578
2018-07-24T08:36:54.936Z - warn: Error: ipc timeout. message: scene:query-node, session: scene@renderer:91579
2018-07-24T08:36:57.911Z - normal: Compiled project javascript file successfully
2018-07-24T08:36:57.912Z - normal: Start building assets
2018-07-24T08:36:57.912Z - normal: Start spawn build-worker
2018-07-24T08:36:58.532Z - normal: Finish spawn build-worker
2018-07-24T08:36:58.532Z - normal: Start init build-worker
2018-07-24T08:37:00.468Z - normal: 1.9.3
2018-07-24T08:37:00.750Z - normal: Finish init build-worker
2018-07-24T08:37:00.750Z - normal: Start build-assets in worker
2018-07-24T08:37:01.281Z - normal: Finish build-assets in worker
2018-07-24T08:37:01.285Z - normal: Finish building assets
2018-07-24T08:37:01.298Z - normal: Start building raw assets
2018-07-24T08:37:01.299Z - normal: Start building plugin scripts
2018-07-24T08:37:01.467Z - normal: Finish building raw assets
2018-07-24T08:37:01.470Z - normal: Generating main.js from D:\Program Files\CocosCreator\resources\static\build-templates\shares\main.js
2018-07-24T08:37:02.664Z - normal: Built to "D:\Project\Dodger-cocos\build\wechatgame" successfully
2018-07-24T08:37:11.122Z - normal: Start building with options : {
  "androidStudio": true,
  "apiLevel": "",
  "appABIs": [],
  "appKey": "",
  "appSecret": "",
  "buildPath": "D:\\Project\\Dodger-cocos\\build",
  "debug": false,
  "dest": "D:\\Project\\Dodger-cocos\\build\\wechatgame",
  "encryptJs": true,
  "excludeScenes": [],
  "excludedModules": [],
  "fb-instant-games": {},
  "includeAnySDK": false,
  "includeEruda": false,
  "includeSDKBox": false,
  "inlineSpriteFrames": true,
  "inlineSpriteFrames_native": true,
  "jailbreakPlatform": false,
  "md5Cache": false,
  "mergeStartScene": false,
  "oauthLoginServer": "",
  "optimizeHotUpdate": false,
  "orientation": {
    "landscapeLeft": true,
    "landscapeRight": true,
    "portrait": false,
    "upsideDown": false
  },
  "packageName": "org.cocos2d.helloworld",
  "platform": "wechatgame",
  "previewHeight": "720",
  "previewWidth": "1280",
  "privateKey": "",
  "qqplay": {
    "REMOTE_SERVER_ROOT": "",
    "orientation": "portrait"
  },
  "renderMode": "0",
  "scenes": [
    "2d2f792f-a40c-49bb-a189-ed176a246e49"
  ],
  "sourceMaps": false,
  "startScene": "2d2f792f-a40c-49bb-a189-ed176a246e49",
  "template": "link",
  "title": "Dodger",
  "useDebugKeystore": true,
  "vsVersion": "auto",
  "webOrientation": "landscape",
  "wechatgame": {
    "REMOTE_SERVER_ROOT": "",
    "appid": "wx8b8e5e1ce338c472",
    "isSubdomain": false,
    "orientation": "portrait",
    "subContext": ""
  },
  "xxteaKey": "5289e606-00b5-47",
  "zipCompressJs": true,
  "project": "D:\\Project\\Dodger-cocos",
  "projectName": "Dodger",
  "debugBuildWorker": false
}
2018-07-24T08:37:11.134Z - normal: Building D:\Project\Dodger-cocos
2018-07-24T08:37:11.134Z - normal: Destination D:\Project\Dodger-cocos\build\wechatgame
2018-07-24T08:37:11.135Z - normal: Delete D:\Project\Dodger-cocos\build\wechatgame\**\*
2018-07-24T08:37:13.863Z - normal: Compiled project javascript file successfully
2018-07-24T08:37:13.863Z - normal: Start building assets
2018-07-24T08:37:13.863Z - normal: Start spawn build-worker
2018-07-24T08:37:14.508Z - normal: Finish spawn build-worker
2018-07-24T08:37:14.508Z - normal: Start init build-worker
2018-07-24T08:37:16.406Z - normal: 1.9.3
2018-07-24T08:37:16.480Z - normal: Finish init build-worker
2018-07-24T08:37:16.480Z - normal: Start build-assets in worker
2018-07-24T08:37:16.908Z - normal: Finish build-assets in worker
2018-07-24T08:37:16.912Z - normal: Finish building assets
2018-07-24T08:37:16.923Z - normal: Start building raw assets
2018-07-24T08:37:16.923Z - normal: Start building plugin scripts
2018-07-24T08:37:16.954Z - normal: Finish building raw assets
2018-07-24T08:37:16.958Z - normal: Generating main.js from D:\Program Files\CocosCreator\resources\static\build-templates\shares\main.js
2018-07-24T08:37:17.715Z - normal: Built to "D:\Project\Dodger-cocos\build\wechatgame" successfully
2018-07-24T08:37:48.482Z - normal: Start building with options : {
  "androidStudio": true,
  "apiLevel": "",
  "appABIs": [],
  "appKey": "",
  "appSecret": "",
  "buildPath": "D:\\Project\\Dodger-cocos\\build",
  "debug": false,
  "dest": "D:\\Project\\Dodger-cocos\\build\\wechatgame",
  "encryptJs": true,
  "excludeScenes": [],
  "excludedModules": [],
  "fb-instant-games": {},
  "includeAnySDK": false,
  "includeEruda": false,
  "includeSDKBox": false,
  "inlineSpriteFrames": true,
  "inlineSpriteFrames_native": true,
  "jailbreakPlatform": false,
  "md5Cache": false,
  "mergeStartScene": false,
  "oauthLoginServer": "",
  "optimizeHotUpdate": false,
  "orientation": {
    "landscapeLeft": true,
    "landscapeRight": true,
    "portrait": false,
    "upsideDown": false
  },
  "packageName": "org.cocos2d.helloworld",
  "platform": "wechatgame",
  "previewHeight": "720",
  "previewWidth": "1280",
  "privateKey": "",
  "qqplay": {
    "REMOTE_SERVER_ROOT": "",
    "orientation": "portrait"
  },
  "renderMode": "0",
  "scenes": [
    "2d2f792f-a40c-49bb-a189-ed176a246e49"
  ],
  "sourceMaps": false,
  "startScene": "2d2f792f-a40c-49bb-a189-ed176a246e49",
  "template": "link",
  "title": "Dodger",
  "useDebugKeystore": true,
  "vsVersion": "auto",
  "webOrientation": "landscape",
  "wechatgame": {
    "REMOTE_SERVER_ROOT": "",
    "appid": "wx8b8e5e1ce338c472",
    "isSubdomain": false,
    "orientation": "portrait",
    "subContext": "RankList"
  },
  "xxteaKey": "5289e606-00b5-47",
  "zipCompressJs": true,
  "project": "D:\\Project\\Dodger-cocos",
  "projectName": "Dodger",
  "debugBuildWorker": false
}
2018-07-24T08:37:48.484Z - normal: Building D:\Project\Dodger-cocos
2018-07-24T08:37:48.484Z - normal: Destination D:\Project\Dodger-cocos\build\wechatgame
2018-07-24T08:37:48.484Z - normal: Delete D:\Project\Dodger-cocos\build\wechatgame\**\*
2018-07-24T08:37:51.185Z - normal: Compiled project javascript file successfully
2018-07-24T08:37:51.185Z - normal: Start building assets
2018-07-24T08:37:51.185Z - normal: Start spawn build-worker
2018-07-24T08:37:51.832Z - normal: Finish spawn build-worker
2018-07-24T08:37:51.832Z - normal: Start init build-worker
2018-07-24T08:37:53.740Z - normal: 1.9.3
2018-07-24T08:37:53.816Z - normal: Finish init build-worker
2018-07-24T08:37:53.817Z - normal: Start build-assets in worker
2018-07-24T08:37:54.265Z - normal: Finish build-assets in worker
2018-07-24T08:37:54.269Z - normal: Finish building assets
2018-07-24T08:37:54.279Z - normal: Start building raw assets
2018-07-24T08:37:54.279Z - normal: Start building plugin scripts
2018-07-24T08:37:54.298Z - normal: Finish building raw assets
2018-07-24T08:37:54.300Z - normal: Generating main.js from D:\Program Files\CocosCreator\resources\static\build-templates\shares\main.js
2018-07-24T08:37:55.718Z - normal: Built to "D:\Project\Dodger-cocos\build\wechatgame" successfully
2018-07-24T10:46:31.908Z - normal: Start building with options : {
  "androidStudio": true,
  "apiLevel": "",
  "appABIs": [],
  "appKey": "",
  "appSecret": "",
  "buildPath": "D:\\Project\\Dodger-cocos\\build",
  "debug": false,
  "dest": "D:\\Project\\Dodger-cocos\\build\\web-mobile",
  "encryptJs": true,
  "excludeScenes": [],
  "excludedModules": [],
  "fb-instant-games": {},
  "includeAnySDK": false,
  "includeEruda": false,
  "includeSDKBox": false,
  "inlineSpriteFrames": true,
  "inlineSpriteFrames_native": true,
  "jailbreakPlatform": false,
  "md5Cache": false,
  "mergeStartScene": false,
  "oauthLoginServer": "",
  "optimizeHotUpdate": false,
  "orientation": {
    "landscapeLeft": true,
    "landscapeRight": true,
    "portrait": false,
    "upsideDown": false
  },
  "packageName": "org.cocos2d.helloworld",
  "platform": "web-mobile",
  "previewHeight": "720",
  "previewWidth": "1280",
  "privateKey": "",
  "qqplay": {
    "REMOTE_SERVER_ROOT": "",
    "orientation": "portrait"
  },
  "renderMode": "0",
  "scenes": [
    "2d2f792f-a40c-49bb-a189-ed176a246e49"
  ],
  "sourceMaps": false,
  "startScene": "2d2f792f-a40c-49bb-a189-ed176a246e49",
  "template": "link",
  "title": "Dodger",
  "useDebugKeystore": true,
  "vsVersion": "auto",
  "webOrientation": "landscape",
  "wechatgame": {
    "REMOTE_SERVER_ROOT": "",
    "appid": "wx8b8e5e1ce338c472",
    "isSubdomain": false,
    "orientation": "portrait",
    "subContext": "RankList"
  },
  "xxteaKey": "5289e606-00b5-47",
  "zipCompressJs": true,
  "project": "D:\\Project\\Dodger-cocos",
  "projectName": "Dodger",
  "debugBuildWorker": false
}
2018-07-24T10:46:31.931Z - normal: Building D:\Project\Dodger-cocos
2018-07-24T10:46:31.931Z - normal: Destination D:\Project\Dodger-cocos\build\web-mobile
2018-07-24T10:46:31.933Z - normal: Delete D:\Project\Dodger-cocos\build\web-mobile\**\*
2018-07-24T10:46:57.294Z - warn: Error: ipc timeout. message: scene:query-node, session: scene@renderer:223699
2018-07-24T10:47:28.589Z - warn: Error: ipc timeout. message: scene:query-node, session: scene@renderer:223709
2018-07-24T10:47:28.589Z - warn: Error: ipc timeout. message: scene:query-node, session: scene@renderer:223710
2018-07-24T10:47:28.589Z - warn: Error: ipc timeout. message: scene:query-node, session: scene@renderer:223711
2018-07-24T10:47:28.590Z - warn: Error: ipc timeout. message: scene:query-node, session: scene@renderer:223712
2018-07-24T10:47:28.590Z - warn: Error: ipc timeout. message: scene:query-node, session: scene@renderer:223713
2018-07-24T10:47:31.089Z - normal: Compiled project javascript file successfully
2018-07-24T10:47:31.090Z - normal: Start building assets
2018-07-24T10:47:31.090Z - normal: Start spawn build-worker
2018-07-24T10:47:31.733Z - normal: Finish spawn build-worker
2018-07-24T10:47:31.733Z - normal: Start init build-worker
2018-07-24T10:47:33.664Z - normal: 1.9.3
2018-07-24T10:47:33.737Z - normal: Finish init build-worker
2018-07-24T10:47:33.737Z - normal: Start build-assets in worker
2018-07-24T10:47:34.124Z - normal: Finish build-assets in worker
2018-07-24T10:47:34.129Z - normal: Finish building assets
2018-07-24T10:47:34.141Z - normal: Start building raw assets
2018-07-24T10:47:34.142Z - normal: Start building plugin scripts
2018-07-24T10:47:34.219Z - normal: Finish building raw assets
2018-07-24T10:47:34.252Z - normal: Generating main.js from D:\Program Files\CocosCreator\resources\static\build-templates\shares\main.js
2018-07-24T10:47:34.269Z - normal: Generating html from D:\Program Files\CocosCreator\resources\static\build-templates\web-mobile\template\index.html
2018-07-24T10:47:34.275Z - normal: Built to "D:\Project\Dodger-cocos\build\web-mobile" successfully
